[2025-11-16 02:25:04,434] - config_reader - INFO - Configuration loaded from src/config/config.yaml
[2025-11-16 02:25:04,434] - data_ingestion - INFO - Data source is local.
[2025-11-16 02:25:04,435] - data_ingestion - INFO - Loading data from src/data/data.txt
[2025-11-16 02:25:04,453] - data_ingestion - INFO - Train data saved to artifacts/train_data.csv
[2025-11-16 02:25:04,457] - data_ingestion - INFO - Test data saved to artifacts/test_data.csv
[2025-11-16 02:25:04,459] - data_ingestion - INFO - Validation data saved to artifacts/validation_data.csv
[2025-11-16 02:25:04,459] - data_ingestion - INFO - Raw data saved to artifact folder.
[2025-11-16 02:25:04,459] - config_reader - INFO - Configuration loaded from src/config/config.yaml
[2025-11-16 02:25:04,459] - data_processing - INFO - Initializing DataProcessor with data path: artifacts
[2025-11-16 02:25:04,459] - data_processing - INFO - Loading data from artifacts
[2025-11-16 02:25:04,464] - data_processing - INFO - Data loaded successfully
[2025-11-16 02:25:04,465] - data_processing - INFO - Preprocessing data!
[2025-11-16 02:25:04,469] - data_processing - INFO - Data preprocessing completed!
[2025-11-16 02:25:04,469] - data_processing - INFO - Saving processed data to artifacts/processed_data
[2025-11-16 02:25:04,490] - data_processing - INFO - Processed data saved successfully
[2025-11-16 02:25:04,490] - data_processing - INFO - Data processing completed successfully!
[2025-11-16 02:25:04,490] - config_reader - INFO - Configuration loaded from src/config/config.yaml
[2025-11-16 02:25:04,556] - model_trainer - INFO - Starting the model training
[2025-11-16 02:25:04,556] - model_trainer - INFO - Loading processed data
[2025-11-16 02:25:04,561] - model_trainer - INFO - Creating RandomForestRegressor model
[2025-11-16 02:25:15,174] - model_trainer - INFO - Model evaluation completed with RMSE: 65.02466581898628
[2025-11-16 02:25:15,174] - model_trainer - INFO - Saving model with RMSE: 65.02466581898628
[2025-11-16 02:25:18,367] - model_trainer - INFO - Model saved to artifacts/models/model_65.joblib
[2025-11-16 02:25:18,390] - model_trainer - INFO - Model training completed successfully
[2025-11-16 03:51:15,439] - src.config_reader - INFO - Configuration loaded from src/config/config.yaml
[2025-11-16 03:51:47,934] - src.config_reader - INFO - Configuration loaded from src/config/config.yaml
[2025-11-16 03:52:15,886] - src.config_reader - INFO - Configuration loaded from src/config/config.yaml
[2025-11-16 03:52:31,637] - src.config_reader - INFO - Configuration loaded from src/config/config.yaml
[2025-11-16 03:53:33,152] - src.config_reader - INFO - Configuration loaded from src/config/config.yaml
[2025-11-16 03:54:14,864] - src.config_reader - INFO - Configuration loaded from src/config/config.yaml
[2025-11-16 03:55:08,441] - src.config_reader - INFO - Configuration loaded from src/config/config.yaml
[2025-11-16 04:11:50,676] - src.config_reader - INFO - Configuration loaded from src/config/config.yaml
[2025-11-16 04:11:52,180] - src.config_reader - INFO - Configuration loaded from src/config/config.yaml
[2025-11-16 04:13:09,312] - src.config_reader - INFO - Configuration loaded from src/config/config.yaml
[2025-11-16 04:13:10,927] - src.config_reader - INFO - Configuration loaded from src/config/config.yaml
[2025-11-16 04:13:12,337] - src.config_reader - INFO - Configuration loaded from src/config/config.yaml
[2025-11-16 04:13:46,791] - src.config_reader - INFO - Configuration loaded from src/config/config.yaml
[2025-11-16 04:13:48,900] - src.config_reader - INFO - Configuration loaded from src/config/config.yaml
[2025-11-16 04:14:18,416] - src.config_reader - INFO - Configuration loaded from src/config/config.yaml
[2025-11-16 04:14:19,826] - src.config_reader - INFO - Configuration loaded from src/config/config.yaml
[2025-11-16 04:16:38,864] - src.config_reader - INFO - Configuration loaded from src/config/config.yaml
[2025-11-16 04:16:40,262] - src.config_reader - INFO - Configuration loaded from src/config/config.yaml
[2025-11-16 04:17:01,609] - src.config_reader - INFO - Configuration loaded from src/config/config.yaml
[2025-11-16 04:17:36,071] - src.config_reader - INFO - Configuration loaded from src/config/config.yaml
[2025-11-16 04:17:37,472] - src.config_reader - INFO - Configuration loaded from src/config/config.yaml
[2025-11-16 04:18:34,737] - src.config_reader - INFO - Configuration loaded from src/config/config.yaml
[2025-11-16 04:18:36,101] - src.config_reader - INFO - Configuration loaded from src/config/config.yaml
[2025-11-16 04:18:55,618] - src.config_reader - INFO - Configuration loaded from src/config/config.yaml
[2025-11-16 04:18:57,120] - src.config_reader - INFO - Configuration loaded from src/config/config.yaml
[2025-11-16 04:18:58,415] - src.config_reader - INFO - Configuration loaded from src/config/config.yaml
[2025-11-16 04:20:31,805] - src.config_reader - INFO - Configuration loaded from src/config/config.yaml
[2025-11-16 04:20:33,293] - src.config_reader - INFO - Configuration loaded from src/config/config.yaml
[2025-11-16 04:20:34,577] - src.config_reader - INFO - Configuration loaded from src/config/config.yaml
[2025-11-16 04:26:28,275] - src.config_reader - INFO - Configuration loaded from src/config/config.yaml
[2025-11-16 04:26:29,630] - src.config_reader - INFO - Configuration loaded from src/config/config.yaml
[2025-11-16 04:26:49,382] - src.config_reader - INFO - Configuration loaded from src/config/config.yaml
[2025-11-16 04:26:50,792] - src.config_reader - INFO - Configuration loaded from src/config/config.yaml
[2025-11-16 04:26:52,049] - src.config_reader - INFO - Configuration loaded from src/config/config.yaml
[2025-11-16 04:28:21,215] - src.config_reader - INFO - Configuration loaded from src/config/config.yaml
[2025-11-16 04:28:22,645] - src.config_reader - INFO - Configuration loaded from src/config/config.yaml
[2025-11-16 04:28:57,378] - src.config_reader - INFO - Configuration loaded from src/config/config.yaml
[2025-11-16 04:28:58,767] - src.config_reader - INFO - Configuration loaded from src/config/config.yaml
[2025-11-16 04:29:12,073] - src.config_reader - INFO - Configuration loaded from src/config/config.yaml
[2025-11-16 04:29:13,435] - src.config_reader - INFO - Configuration loaded from src/config/config.yaml
